============================= test session starts ==============================
platform linux -- Python 3.12.8, pytest-8.3.4, pluggy-1.5.0
rootdir: /home/lee/go/src/github.com/kserve/kserve/test/e2e
configfile: pytest.ini
plugins: anyio-4.8.0, asyncio-0.25.3
asyncio: mode=Mode.STRICT, asyncio_default_fixture_loop_scope=None
collected 102 items

batcher/test_batcher.py::test_batcher 
-------------------------------- live log setup --------------------------------
INFO     kserve:conftest.py:31 Logger configured
FAILED                                                                   [  0%]
batcher/test_batcher_custom_port.py::test_batcher_custom_port FAILED     [  1%]
batcher/test_raw_batcher.py::test_batcher_raw FAILED                     [  2%]
credentials/test_set_creds.py::test_set_credentials_s3 FAILED            [  3%]
credentials/test_set_creds.py::test_set_credentials_gcp FAILED           [  4%]
credentials/test_set_creds.py::test_azure_credentials FAILED             [  5%]
custom/test_custom_model_grpc.py::test_custom_model_grpc FAILED          [  6%]
custom/test_custom_model_grpc.py::test_predictor_grpc_with_transformer_grpc FAILED [  7%]
custom/test_custom_model_grpc.py::test_predictor_grpc_with_transformer_http FAILED [  8%]
custom/test_custom_model_grpc.py::test_predictor_rest_with_transformer_rest FAILED [  9%]
custom/test_custom_model_grpc.py::test_predictor_grpc_with_transformer_grpc_raw FAILED [ 10%]
custom/test_ray.py::test_custom_model_http_ray FAILED                    [ 11%]
explainer/test_art_explainer.py::test_tabular_explainer FAILED           [ 12%]
explainer/test_art_explainer.py::test_raw_tabular_explainer FAILED       [ 13%]
graph/test_inference_graph.py::test_inference_graph 
-------------------------------- live log call ---------------------------------
INFO     kserve.trace:test_inference_graph.py:37 Starting test test_inference_graph
FAILED                                                                   [ 14%]
graph/test_inference_graph.py::test_ig_scenario1 
-------------------------------- live log call ---------------------------------
INFO     kserve.trace:test_inference_graph.py:233 Starting test test_ig_scenario1
INFO     kserve.trace:test_inference_graph.py:201 SUCCESS_ISVC_IMAGE is kserve/success-200-isvc:20c5a5244b8b94569aacdc44988da34643aeff2e
INFO     kserve.trace:test_inference_graph.py:202 ERROR_ISVC_IMAGE is kserve/error-404-isvc:20c5a5244b8b94569aacdc44988da34643aeff2e
INFO     kserve.trace:test_inference_graph.py:238 success_isvc_name is success-200-isvc-afb53
INFO     kserve.trace:test_inference_graph.py:239 error_isvc_name is error-404-isvc-afb53
FAILED                                                                   [ 15%]
graph/test_inference_graph.py::test_ig_scenario2 
-------------------------------- live log call ---------------------------------
INFO     kserve.trace:test_inference_graph.py:308 Starting test test_ig_scenario2
INFO     kserve.trace:test_inference_graph.py:201 SUCCESS_ISVC_IMAGE is kserve/success-200-isvc:20c5a5244b8b94569aacdc44988da34643aeff2e
INFO     kserve.trace:test_inference_graph.py:202 ERROR_ISVC_IMAGE is kserve/error-404-isvc:20c5a5244b8b94569aacdc44988da34643aeff2e
INFO     kserve.trace:test_inference_graph.py:313 success_isvc_name is success-200-isvc-5d2e5
INFO     kserve.trace:test_inference_graph.py:314 error_isvc_name is error-404-isvc-5d2e5
FAILED                                                                   [ 16%]
graph/test_inference_graph.py::test_ig_scenario3 
-------------------------------- live log call ---------------------------------
INFO     kserve.trace:test_inference_graph.py:376 Starting test test_ig_scenario3
INFO     kserve.trace:test_inference_graph.py:201 SUCCESS_ISVC_IMAGE is kserve/success-200-isvc:20c5a5244b8b94569aacdc44988da34643aeff2e
INFO     kserve.trace:test_inference_graph.py:202 ERROR_ISVC_IMAGE is kserve/error-404-isvc:20c5a5244b8b94569aacdc44988da34643aeff2e
INFO     kserve.trace:test_inference_graph.py:381 success_isvc_name is success-200-isvc-91c73
INFO     kserve.trace:test_inference_graph.py:382 error_isvc_name is error-404-isvc-91c73
FAILED                                                                   [ 17%]
graph/test_inference_graph.py::test_ig_scenario4 
-------------------------------- live log call ---------------------------------
INFO     kserve.trace:test_inference_graph.py:450 Starting test test_ig_scenario4
INFO     kserve.trace:test_inference_graph.py:201 SUCCESS_ISVC_IMAGE is kserve/success-200-isvc:20c5a5244b8b94569aacdc44988da34643aeff2e
INFO     kserve.trace:test_inference_graph.py:202 ERROR_ISVC_IMAGE is kserve/error-404-isvc:20c5a5244b8b94569aacdc44988da34643aeff2e
INFO     kserve.trace:test_inference_graph.py:455 success_isvc_name is success-200-isvc-b408f
INFO     kserve.trace:test_inference_graph.py:456 error_isvc_name is error-404-isvc-b408f
FAILED                                                                   [ 18%]
graph/test_inference_graph.py::test_ig_scenario5 
-------------------------------- live log call ---------------------------------
INFO     kserve.trace:test_inference_graph.py:543 Starting test test_ig_scenario5
INFO     kserve.trace:test_inference_graph.py:201 SUCCESS_ISVC_IMAGE is kserve/success-200-isvc:20c5a5244b8b94569aacdc44988da34643aeff2e
INFO     kserve.trace:test_inference_graph.py:202 ERROR_ISVC_IMAGE is kserve/error-404-isvc:20c5a5244b8b94569aacdc44988da34643aeff2e
INFO     kserve.trace:test_inference_graph.py:548 success_isvc_name is success-200-isvc-e3e2d
INFO     kserve.trace:test_inference_graph.py:549 error_isvc_name is error-404-isvc-e3e2d
FAILED                                                                   [ 19%]
graph/test_inference_graph.py::test_ig_scenario6 
-------------------------------- live log call ---------------------------------
INFO     kserve.trace:test_inference_graph.py:607 Starting test test_ig_scenario6
INFO     kserve.trace:test_inference_graph.py:201 SUCCESS_ISVC_IMAGE is kserve/success-200-isvc:20c5a5244b8b94569aacdc44988da34643aeff2e
INFO     kserve.trace:test_inference_graph.py:202 ERROR_ISVC_IMAGE is kserve/error-404-isvc:20c5a5244b8b94569aacdc44988da34643aeff2e
INFO     kserve.trace:test_inference_graph.py:612 success_isvc_name is success-200-isvc-b68ef
INFO     kserve.trace:test_inference_graph.py:613 error_isvc_name is error-404-isvc-b68ef
FAILED                                                                   [ 20%]
graph/test_inference_graph.py::test_ig_scenario7 
-------------------------------- live log call ---------------------------------
INFO     kserve.trace:test_inference_graph.py:674 Starting test test_ig_scenario7
INFO     kserve.trace:test_inference_graph.py:201 SUCCESS_ISVC_IMAGE is kserve/success-200-isvc:20c5a5244b8b94569aacdc44988da34643aeff2e
INFO     kserve.trace:test_inference_graph.py:202 ERROR_ISVC_IMAGE is kserve/error-404-isvc:20c5a5244b8b94569aacdc44988da34643aeff2e
INFO     kserve.trace:test_inference_graph.py:679 success_isvc_name is success-200-isvc-d7c25
INFO     kserve.trace:test_inference_graph.py:680 error_isvc_name is error-404-isvc-d7c25
FAILED                                                                   [ 21%]
graph/test_inference_graph.py::test_ig_scenario8 
-------------------------------- live log call ---------------------------------
INFO     kserve.trace:test_inference_graph.py:741 Starting test test_ig_scenario8
INFO     kserve.trace:test_inference_graph.py:201 SUCCESS_ISVC_IMAGE is kserve/success-200-isvc:20c5a5244b8b94569aacdc44988da34643aeff2e
INFO     kserve.trace:test_inference_graph.py:202 ERROR_ISVC_IMAGE is kserve/error-404-isvc:20c5a5244b8b94569aacdc44988da34643aeff2e
INFO     kserve.trace:test_inference_graph.py:746 success_isvc_name is success-200-isvc-38bbc
INFO     kserve.trace:test_inference_graph.py:747 error_isvc_name is error-404-isvc-38bbc
FAILED                                                                   [ 22%]
graph/test_inference_graph.py::test_ig_scenario9 
-------------------------------- live log call ---------------------------------
INFO     kserve.trace:test_inference_graph.py:807 Starting test test_ig_scenario9
INFO     kserve.trace:test_inference_graph.py:201 SUCCESS_ISVC_IMAGE is kserve/success-200-isvc:20c5a5244b8b94569aacdc44988da34643aeff2e
INFO     kserve.trace:test_inference_graph.py:202 ERROR_ISVC_IMAGE is kserve/error-404-isvc:20c5a5244b8b94569aacdc44988da34643aeff2e
INFO     kserve.trace:test_inference_graph.py:812 success_isvc_name is success-200-isvc-d7125
INFO     kserve.trace:test_inference_graph.py:813 error_isvc_name is error-404-isvc-d7125
FAILED                                                                   [ 23%]
graph/test_inference_graph.py::test_ig_scenario10 
-------------------------------- live log call ---------------------------------
INFO     kserve.trace:test_inference_graph.py:869 Starting test test_ig_scenario10
INFO     kserve.trace:test_inference_graph.py:201 SUCCESS_ISVC_IMAGE is kserve/success-200-isvc:20c5a5244b8b94569aacdc44988da34643aeff2e
INFO     kserve.trace:test_inference_graph.py:202 ERROR_ISVC_IMAGE is kserve/error-404-isvc:20c5a5244b8b94569aacdc44988da34643aeff2e
INFO     kserve.trace:test_inference_graph.py:874 success_isvc_name is success-200-isvc-f9644
INFO     kserve.trace:test_inference_graph.py:875 error_isvc_name is error-404-isvc-f9644
FAILED                                                                   [ 24%]
graph/test_inference_graph.py::test_inference_graph_raw_mode 
-------------------------------- live log call ---------------------------------
INFO     kserve.trace:test_inference_graph.py:928 Starting test test_inference_graph_raw_mode
FAILED                                                                   [ 25%]
graph/test_inference_graph.py::test_inference_graph_raw_mode_with_hpa 
-------------------------------- live log call ---------------------------------
INFO     kserve.trace:test_inference_graph.py:1084 Starting test test_inference_graph_raw_mode_with_hpa
FAILED                                                                   [ 26%]
helm/test_kserve_sklearn.py::test_sklearn_kserve FAILED                  [ 27%]
logger/test_logger.py::test_kserve_logger FAILED                         [ 28%]
logger/test_raw_logger.py::test_kserve_logger FAILED                     [ 29%]
logger/test_raw_logger.py::test_kserve_logger_cipn SKIPPED (async de...) [ 30%]
modelcache/test_localmodelcache.py::test_vllm_modelcache 

=================================== FAILURES ===================================
_________________________________ test_batcher _________________________________

self = <kserve.api.kserve_client.KServeClient object at 0x7faa1325d2b0>
inferenceservice = {'api_version': 'serving.kserve.io/v1beta1',
 'kind': 'InferenceService',
 'metadata': {'annotations': None,
         ...        'worker_spec': None,
                        'xgboost': None},
          'transformer': None},
 'status': None}
namespace = 'kserve-ci-e2e-test', watch = False, timeout_seconds = 600

    def create(
        self, inferenceservice, namespace=None, watch=False, timeout_seconds=600
    ):  # pylint:disable=inconsistent-return-statements
        """
        Create the inference service
        :param inferenceservice: inference service object
        :param namespace: defaults to current or default namespace
        :param watch: True to watch the created service until timeout elapsed or status is ready
        :param timeout_seconds: timeout seconds for watch, default to 600s
        :return: created inference service
        """
    
        version = inferenceservice.api_version.split("/")[1]
    
        if namespace is None:
            namespace = utils.get_isvc_namespace(inferenceservice)
    
        try:
>           outputs = self.api_instance.create_namespaced_custom_object(
                constants.KSERVE_GROUP,
                version,
                namespace,
                constants.KSERVE_PLURAL_INFERENCESERVICE,
                inferenceservice,
            )

../../python/kserve/kserve/api/kserve_client.py:143: 
_ _ _ _ _ _ _ _ _ _ _ _ _ _ _ _ _ _ _ _ _ _ _ _ _ _ _ _ _ _ _ _ _ _ _ _ _ _ _ _ 
/home/lee/miniconda/lib/python3.12/site-packages/kubernetes/client/api/custom_objects_api.py:231: in create_namespaced_custom_object
    return self.create_namespaced_custom_object_with_http_info(group, version, namespace, plural, body, **kwargs)  # noqa: E501
/home/lee/miniconda/lib/python3.12/site-packages/kubernetes/client/api/custom_objects_api.py:354: in create_namespaced_custom_object_with_http_info
    return self.api_client.call_api(
/home/lee/miniconda/lib/python3.12/site-packages/kubernetes/client/api_client.py:348: in call_api
    return self.__call_api(resource_path, method,
/home/lee/miniconda/lib/python3.12/site-packages/kubernetes/client/api_client.py:180: in __call_api
    response_data = self.request(
/home/lee/miniconda/lib/python3.12/site-packages/kubernetes/client/api_client.py:391: in request
    return self.rest_client.POST(url,
/home/lee/miniconda/lib/python3.12/site-packages/kubernetes/client/rest.py:279: in POST
    return self.request("POST", url,
_ _ _ _ _ _ _ _ _ _ _ _ _ _ _ _ _ _ _ _ _ _ _ _ _ _ _ _ _ _ _ _ _ _ _ _ _ _ _ _ 

self = <kubernetes.client.rest.RESTClientObject object at 0x7faa12d86a20>
method = 'POST'
url = 'https://127.0.0.1:38245/apis/serving.kserve.io/v1beta1/namespaces/kserve-ci-e2e-test/inferenceservices'
query_params = []
headers = {'Accept': 'application/json', 'Content-Type': 'application/json', 'User-Agent': 'OpenAPI-Generator/32.0.1/python'}
body = {'apiVersion': 'serving.kserve.io/v1beta1', 'kind': 'InferenceService', 'metadata': {'name': 'isvc-sklearn-batcher', '...}, 'requests': {'cpu': '50m', 'memory': '128Mi'}}, 'storageUri': 'gs://kfserving-examples/models/sklearn/1.0/model'}}}}
post_params = {}, _preload_content = True, _request_timeout = None

    def request(self, method, url, query_params=None, headers=None,
                body=None, post_params=None, _preload_content=True,
                _request_timeout=None):
        """Perform requests.
    
        :param method: http request method
        :param url: http request url
        :param query_params: query parameters in the url
        :param headers: http request headers
        :param body: request json body, for `application/json`
        :param post_params: request post parameters,
                            `application/x-www-form-urlencoded`
                            and `multipart/form-data`
        :param _preload_content: if False, the urllib3.HTTPResponse object will
                                 be returned without reading/decoding response
                                 data. Default is True.
        :param _request_timeout: timeout setting for this request. If one
                                 number provided, it will be total request
                                 timeout. It can also be a pair (tuple) of
                                 (connection, read) timeouts.
        """
        method = method.upper()
        assert method in ['GET', 'HEAD', 'DELETE', 'POST', 'PUT',
                          'PATCH', 'OPTIONS']
    
        if post_params and body:
            raise ApiValueError(
                "body parameter cannot be used with post_params parameter."
            )
    
        post_params = post_params or {}
        headers = headers or {}
    
        timeout = None
        if _request_timeout:
            if isinstance(_request_timeout, (int, ) if six.PY3 else (int, long)):  # noqa: E501,F821
                timeout = urllib3.Timeout(total=_request_timeout)
            elif (isinstance(_request_timeout, tuple) and
                  len(_request_timeout) == 2):
                timeout = urllib3.Timeout(
                    connect=_request_timeout[0], read=_request_timeout[1])
    
        if 'Content-Type' not in headers:
            headers['Content-Type'] = 'application/json'
    
        try:
            # For `POST`, `PUT`, `PATCH`, `OPTIONS`, `DELETE`
            if method in ['POST', 'PUT', 'PATCH', 'OPTIONS', 'DELETE']:
                if query_params:
                    url += '?' + urlencode(query_params)
                if (re.search('json', headers['Content-Type'], re.IGNORECASE) or
                        headers['Content-Type'] == 'application/apply-patch+yaml'):
                    if headers['Content-Type'] == 'application/json-patch+json':
                        if not isinstance(body, list):
                            headers['Content-Type'] = \
                                'application/strategic-merge-patch+json'
                    request_body = None
                    if body is not None:
                        request_body = json.dumps(body)
                    r = self.pool_manager.request(
                        method, url,
                        body=request_body,
                        preload_content=_preload_content,
                        timeout=timeout,
                        headers=headers)
                elif headers['Content-Type'] == 'application/x-www-form-urlencoded':  # noqa: E501
                    r = self.pool_manager.request(
                        method, url,
                        fields=post_params,
                        encode_multipart=False,
                        preload_content=_preload_content,
                        timeout=timeout,
                        headers=headers)
                elif headers['Content-Type'] == 'multipart/form-data':
                    # must del headers['Content-Type'], or the correct
                    # Content-Type which generated by urllib3 will be
                    # overwritten.
                    del headers['Content-Type']
                    r = self.pool_manager.request(
                        method, url,
                        fields=post_params,
                        encode_multipart=True,
                        preload_content=_preload_content,
                        timeout=timeout,
                        headers=headers)
                # Pass a `string` parameter directly in the body to support
                # other content types than Json when `body` argument is
                # provided in serialized form
                elif isinstance(body, str) or isinstance(body, bytes):
                    request_body = body
                    r = self.pool_manager.request(
                        method, url,
                        body=request_body,
                        preload_content=_preload_content,
                        timeout=timeout,
                        headers=headers)
                else:
                    # Cannot generate the request from given parameters
                    msg = """Cannot prepare a request message for provided
                             arguments. Please check that your arguments match
                             declared content type."""
                    raise ApiException(status=0, reason=msg)
            # For `GET`, `HEAD`
            else:
                r = self.pool_manager.request(method, url,
                                              fields=query_params,
                                              preload_content=_preload_content,
                                              timeout=timeout,
                                              headers=headers)
        except urllib3.exceptions.SSLError as e:
            msg = "{0}\n{1}".format(type(e).__name__, str(e))
            raise ApiException(status=0, reason=msg)
    
        if _preload_content:
            r = RESTResponse(r)
    
            # In the python 3, the response.data is bytes.
            # we need to decode it to string.
            if six.PY3:
                r.data = r.data.decode('utf8')
    
            # log response body
            logger.debug("response body: %s", r.data)
    
        if not 200 <= r.status <= 299:
>           raise ApiException(http_resp=r)
E           kubernetes.client.exceptions.ApiException: (404)
E           Reason: Not Found
E           HTTP response headers: HTTPHeaderDict({'Audit-Id': '487dd484-966a-447f-8505-567867b88b42', 'Cache-Control': 'no-cache, private', 'Content-Type': 'application/json', 'X-Kubernetes-Pf-Flowschema-Uid': 'ee1b6972-c39f-43e9-8cbb-fdc686d972d3', 'X-Kubernetes-Pf-Prioritylevel-Uid': 'ad2a3028-a5e2-40cc-a8d7-b7d22e9373c2', 'Date': 'Sat, 08 Mar 2025 13:10:50 GMT', 'Content-Length': '216'})
E           HTTP response body: {"kind":"Status","apiVersion":"v1","metadata":{},"status":"Failure","message":"namespaces \"kserve-ci-e2e-test\" not found","reason":"NotFound","details":{"name":"kserve-ci-e2e-test","kind":"namespaces"},"code":404}

/home/lee/miniconda/lib/python3.12/site-packages/kubernetes/client/rest.py:238: ApiException

During handling of the above exception, another exception occurred:

rest_v1_client = <kserve.inference_client.InferenceRESTClient object at 0x7faa171fa690>

    @pytest.mark.predictor
    @pytest.mark.asyncio(scope="session")
    async def test_batcher(rest_v1_client):
        service_name = "isvc-sklearn-batcher"
    
        predictor = V1beta1PredictorSpec(
            batcher=V1beta1Batcher(
                max_batch_size=32,
                max_latency=5000,
            ),
            min_replicas=1,
            sklearn=V1beta1SKLearnSpec(
                storage_uri="gs://kfserving-examples/models/sklearn/1.0/model",
                resources=V1ResourceRequirements(
                    requests={"cpu": "50m", "memory": "128Mi"},
                    limits={"cpu": "100m", "memory": "256Mi"},
                ),
            ),
        )
    
        isvc = V1beta1InferenceService(
            api_version=constants.KSERVE_V1BETA1,
            kind=constants.KSERVE_KIND_INFERENCESERVICE,
            metadata=client.V1ObjectMeta(
                name=service_name, namespace=KSERVE_TEST_NAMESPACE
            ),
            spec=V1beta1InferenceServiceSpec(predictor=predictor),
        )
>       kserve_client.create(isvc)

batcher/test_batcher.py:59: 
_ _ _ _ _ _ _ _ _ _ _ _ _ _ _ _ _ _ _ _ _ _ _ _ _ _ _ _ _ _ _ _ _ _ _ _ _ _ _ _ 

self = <kserve.api.kserve_client.KServeClient object at 0x7faa1325d2b0>
inferenceservice = {'api_version': 'serving.kserve.io/v1beta1',
 'kind': 'InferenceService',
 'metadata': {'annotations': None,
         ...        'worker_spec': None,
                        'xgboost': None},
          'transformer': None},
 'status': None}
namespace = 'kserve-ci-e2e-test', watch = False, timeout_seconds = 600

    def create(
        self, inferenceservice, namespace=None, watch=False, timeout_seconds=600
    ):  # pylint:disable=inconsistent-return-statements
        """
        Create the inference service
        :param inferenceservice: inference service object
        :param namespace: defaults to current or default namespace
        :param watch: True to watch the created service until timeout elapsed or status is ready
        :param timeout_seconds: timeout seconds for watch, default to 600s
        :return: created inference service
        """
    
        version = inferenceservice.api_version.split("/")[1]
    
        if namespace is None:
            namespace = utils.get_isvc_namespace(inferenceservice)
    
        try:
            outputs = self.api_instance.create_namespaced_custom_object(
                constants.KSERVE_GROUP,
                version,
                namespace,
                constants.KSERVE_PLURAL_INFERENCESERVICE,
                inferenceservice,
            )
        except client.rest.ApiException as e:
>           raise RuntimeError(
                "Exception when calling CustomObjectsApi->create_namespaced_custom_object:\
                 %s\n"
                % e
            )
E           RuntimeError: Exception when calling CustomObjectsApi->create_namespaced_custom_object:                 (404)
E           Reason: Not Found
E           HTTP response headers: HTTPHeaderDict({'Audit-Id': '487dd484-966a-447f-8505-567867b88b42', 'Cache-Control': 'no-cache, private', 'Content-Type': 'application/json', 'X-Kubernetes-Pf-Flowschema-Uid': 'ee1b6972-c39f-43e9-8cbb-fdc686d972d3', 'X-Kubernetes-Pf-Prioritylevel-Uid': 'ad2a3028-a5e2-40cc-a8d7-b7d22e9373c2', 'Date': 'Sat, 08 Mar 2025 13:10:50 GMT', 'Content-Length': '216'})
E           HTTP response body: {"kind":"Status","apiVersion":"v1","metadata":{},"status":"Failure","message":"namespaces \"kserve-ci-e2e-test\" not found","reason":"NotFound","details":{"name":"kserve-ci-e2e-test","kind":"namespaces"},"code":404}

../../python/kserve/kserve/api/kserve_client.py:151: RuntimeError
---------------------------- Captured stderr setup -----------------------------
2025-03-08 21:10:50.083 161368 kserve INFO [conftest.py:configure_logger():31] Logger configured
------------------------------ Captured log setup ------------------------------
INFO     kserve:conftest.py:31 Logger configured
___________________________ test_batcher_custom_port ___________________________

self = <kserve.api.kserve_client.KServeClient object at 0x7faa12f2a450>
inferenceservice = {'api_version': 'serving.kserve.io/v1beta1',
 'kind': 'InferenceService',
 'metadata': {'annotations': None,
         ...        'worker_spec': None,
                        'xgboost': None},
          'transformer': None},
 'status': None}
namespace = 'kserve-ci-e2e-test', watch = False, timeout_seconds = 600

    def create(
        self, inferenceservice, namespace=None, watch=False, timeout_seconds=600
    ):  # pylint:disable=inconsistent-return-statements
        """
        Create the inference service
        :param inferenceservice: inference service object
        :param namespace: defaults to current or default namespace
        :param watch: True to watch the created service until timeout elapsed or status is ready
        :param timeout_seconds: timeout seconds for watch, default to 600s
        :return: created inference service
        """
    
        version = inferenceservice.api_version.split("/")[1]
    
        if namespace is None:
            namespace = utils.get_isvc_namespace(inferenceservice)
    
        try:
>           outputs = self.api_instance.create_namespaced_custom_object(
                constants.KSERVE_GROUP,
                version,
                namespace,
                constants.KSERVE_PLURAL_INFERENCESERVICE,
                inferenceservice,
            )

../../python/kserve/kserve/api/kserve_client.py:143: 
_ _ _ _ _ _ _ _ _ _ _ _ _ _ _ _ _ _ _ _ _ _ _ _ _ _ _ _ _ _ _ _ _ _ _ _ _ _ _ _ 
/home/lee/miniconda/lib/python3.12/site-packages/kubernetes/client/api/custom_objects_api.py:231: in create_namespaced_custom_object
    return self.create_namespaced_custom_object_with_http_info(group, version, namespace, plural, body, **kwargs)  # noqa: E501
/home/lee/miniconda/lib/python3.12/site-packages/kubernetes/client/api/custom_objects_api.py:354: in create_namespaced_custom_object_with_http_info
    return self.api_client.call_api(
/home/lee/miniconda/lib/python3.12/site-packages/kubernetes/client/api_client.py:348: in call_api
    return self.__call_api(resource_path, method,
/home/lee/miniconda/lib/python3.12/site-packages/kubernetes/client/api_client.py:180: in __call_api
    response_data = self.request(
/home/lee/miniconda/lib/python3.12/site-packages/kubernetes/client/api_client.py:391: in request
    return self.rest_client.POST(url,
/home/lee/miniconda/lib/python3.12/site-packages/kubernetes/client/rest.py:279: in POST
    return self.request("POST", url,
_ _ _ _ _ _ _ _ _ _ _ _ _ _ _ _ _ _ _ _ _ _ _ _ _ _ _ _ _ _ _ _ _ _ _ _ _ _ _ _ 

self = <kubernetes.client.rest.RESTClientObject object at 0x7faa12d87da0>
method = 'POST'
url = 'https://127.0.0.1:38245/apis/serving.kserve.io/v1beta1/namespaces/kserve-ci-e2e-test/inferenceservices'
query_params = []
headers = {'Accept': 'application/json', 'Content-Type': 'application/json', 'User-Agent': 'OpenAPI-Generator/32.0.1/python'}
body = {'apiVersion': 'serving.kserve.io/v1beta1', 'kind': 'InferenceService', 'metadata': {'name': 'isvc-sklearn-batcher-cus...}], 'resources': {'limits': {'cpu': '100m', 'memory': '256Mi'}, 'requests': {'cpu': '50m', 'memory': '128Mi'}}, ...}}}}
post_params = {}, _preload_content = True, _request_timeout = None

    def request(self, method, url, query_params=None, headers=None,
                body=None, post_params=None, _preload_content=True,
                _request_timeout=None):
        """Perform requests.
    
        :param method: http request method
        :param url: http request url
        :param query_params: query parameters in the url
        :param headers: http request headers
        :param body: request json body, for `application/json`
        :param post_params: request post parameters,
                            `application/x-www-form-urlencoded`
                            and `multipart/form-data`
        :param _preload_content: if False, the urllib3.HTTPResponse object will
                                 be returned without reading/decoding response
                                 data. Default is True.
        :param _request_timeout: timeout setting for this request. If one
                                 number provided, it will be total request
                                 timeout. It can also be a pair (tuple) of
                                 (connection, read) timeouts.
        """
        method = method.upper()
        assert method in ['GET', 'HEAD', 'DELETE', 'POST', 'PUT',
                          'PATCH', 'OPTIONS']
    
        if post_params and body:
            raise ApiValueError(
                "body parameter cannot be used with post_params parameter."
            )
    
        post_params = post_params or {}
        headers = headers or {}
    
        timeout = None
        if _request_timeout:
            if isinstance(_request_timeout, (int, ) if six.PY3 else (int, long)):  # noqa: E501,F821
                timeout = urllib3.Timeout(total=_request_timeout)
            elif (isinstance(_request_timeout, tuple) and
                  len(_request_timeout) == 2):
                timeout = urllib3.Timeout(
                    connect=_request_timeout[0], read=_request_timeout[1])
    
        if 'Content-Type' not in headers:
            headers['Content-Type'] = 'application/json'
    
        try:
            # For `POST`, `PUT`, `PATCH`, `OPTIONS`, `DELETE`
            if method in ['POST', 'PUT', 'PATCH', 'OPTIONS', 'DELETE']:
                if query_params:
                    url += '?' + urlencode(query_params)
                if (re.search('json', headers['Content-Type'], re.IGNORECASE) or
                        headers['Content-Type'] == 'application/apply-patch+yaml'):
                    if headers['Content-Type'] == 'application/json-patch+json':
                        if not isinstance(body, list):
                            headers['Content-Type'] = \
                                'application/strategic-merge-patch+json'
                    request_body = None
                    if body is not None:
                        request_body = json.dumps(body)
                    r = self.pool_manager.request(
                        method, url,
                        body=request_body,
                        preload_content=_preload_content,
                        timeout=timeout,
                        headers=headers)
                elif headers['Content-Type'] == 'application/x-www-form-urlencoded':  # noqa: E501
                    r = self.pool_manager.request(
                        method, url,
                        fields=post_params,
                        encode_multipart=False,
                        preload_content=_preload_content,
                        timeout=timeout,
                        headers=headers)
                elif headers['Content-Type'] == 'multipart/form-data':
                    # must del headers['Content-Type'], or the correct
                    # Content-Type which generated by urllib3 will be
                    # overwritten.
                    del headers['Content-Type']
                    r = self.pool_manager.request(
                        method, url,
                        fields=post_params,
                        encode_multipart=True,
                        preload_content=_preload_content,
                        timeout=timeout,
                        headers=headers)
                # Pass a `string` parameter directly in the body to support
                # other content types than Json when `body` argument is
                # provided in serialized form
                elif isinstance(body, str) or isinstance(body, bytes):
                    request_body = body
                    r = self.pool_manager.request(
                        method, url,
                        body=request_body,
                        preload_content=_preload_content,
                        timeout=timeout,
                        headers=headers)
                else:
                    # Cannot generate the request from given parameters
                    msg = """Cannot prepare a request message for provided
                             arguments. Please check that your arguments match
                             declared content type."""
                    raise ApiException(status=0, reason=msg)
            # For `GET`, `HEAD`
            else:
                r = self.pool_manager.request(method, url,
                                              fields=query_params,
                                              preload_content=_preload_content,
                                              timeout=timeout,
                                              headers=headers)
        except urllib3.exceptions.SSLError as e:
            msg = "{0}\n{1}".format(type(e).__name__, str(e))
            raise ApiException(status=0, reason=msg)
    
        if _preload_content:
            r = RESTResponse(r)
    
            # In the python 3, the response.data is bytes.
            # we need to decode it to string.
            if six.PY3:
                r.data = r.data.decode('utf8')
    
            # log response body
            logger.debug("response body: %s", r.data)
    
        if not 200 <= r.status <= 299:
>           raise ApiException(http_resp=r)
E           kubernetes.client.exceptions.ApiException: (404)
E           Reason: Not Found
E           HTTP response headers: HTTPHeaderDict({'Audit-Id': 'bb9d40c7-7ef9-4c24-944f-6a4932848de6', 'Cache-Control': 'no-cache, private', 'Content-Type': 'application/json', 'X-Kubernetes-Pf-Flowschema-Uid': 'ee1b6972-c39f-43e9-8cbb-fdc686d972d3', 'X-Kubernetes-Pf-Prioritylevel-Uid': 'ad2a3028-a5e2-40cc-a8d7-b7d22e9373c2', 'Date': 'Sat, 08 Mar 2025 13:10:50 GMT', 'Content-Length': '216'})
E           HTTP response body: {"kind":"Status","apiVersion":"v1","metadata":{},"status":"Failure","message":"namespaces \"kserve-ci-e2e-test\" not found","reason":"NotFound","details":{"name":"kserve-ci-e2e-test","kind":"namespaces"},"code":404}

/home/lee/miniconda/lib/python3.12/site-packages/kubernetes/client/rest.py:238: ApiException

During handling of the above exception, another exception occurred:

rest_v1_client = <kserve.inference_client.InferenceRESTClient object at 0x7faa171fa690>

    @pytest.mark.predictor
    @pytest.mark.asyncio(scope="session")
    async def test_batcher_custom_port(rest_v1_client):
        service_name = "isvc-sklearn-batcher-custom"
    
        predictor = V1beta1PredictorSpec(
            batcher=V1beta1Batcher(
                max_batch_size=32,
                max_latency=5000,
            ),
            min_replicas=1,
            sklearn=V1beta1SKLearnSpec(
                args=["--http_port=5000"],
                storage_uri="gs://kfserving-examples/models/sklearn/1.0/model",
                resources=V1ResourceRequirements(
                    requests={"cpu": "50m", "memory": "128Mi"},
                    limits={"cpu": "100m", "memory": "256Mi"},
                ),
                ports=[V1ContainerPort(container_port=5000, protocol="TCP")],
            ),
        )
    
        isvc = V1beta1InferenceService(
            api_version=constants.KSERVE_V1BETA1,
            kind=constants.KSERVE_KIND_INFERENCESERVICE,
            metadata=client.V1ObjectMeta(
                name=service_name, namespace=KSERVE_TEST_NAMESPACE
            ),
            spec=V1beta1InferenceServiceSpec(predictor=predictor),
        )
>       kserve_client.create(isvc)

batcher/test_batcher_custom_port.py:63: 
_ _ _ _ _ _ _ _ _ _ _ _ _ _ _ _ _ _ _ _ _ _ _ _ _ _ _ _ _ _ _ _ _ _ _ _ _ _ _ _ 

self = <kserve.api.kserve_client.KServeClient object at 0x7faa12f2a450>
inferenceservice = {'api_version': 'serving.kserve.io/v1beta1',
 'kind': 'InferenceService',
 'metadata': {'annotations': None,
         ...        'worker_spec': None,
                        'xgboost': None},
          'transformer': None},
 'status': None}
namespace = 'kserve-ci-e2e-test', watch = False, timeout_seconds = 600

    def create(
        self, inferenceservice, namespace=None, watch=False, timeout_seconds=600
    ):  # pylint:disable=inconsistent-return-statements
        """
        Create the inference service
        :param inferenceservice: inference service object
        :param namespace: defaults to current or default namespace
        :param watch: True to watch the created service until timeout elapsed or status is ready
        :param timeout_seconds: timeout seconds for watch, default to 600s
        :return: created inference service
        """
    
        version = inferenceservice.api_version.split("/")[1]
    
        if namespace is None:
            namespace = utils.get_isvc_namespace(inferenceservice)
    
        try:
            outputs = self.api_instance.create_namespaced_custom_object(
                constants.KSERVE_GROUP,
                version,
                namespace,
                constants.KSERVE_PLURAL_INFERENCESERVICE,
                inferenceservice,
            )
        except client.rest.ApiException as e:
>           raise RuntimeError(
                "Exception when calling CustomObjectsApi->create_namespaced_custom_object:\
                 %s\n"
                % e
            )
E           RuntimeError: Exception when calling CustomObjectsApi->create_namespaced_custom_object:                 (404)
E           Reason: Not Found
E           HTTP response headers: HTTPHeaderDict({'Audit-Id': 'bb9d40c7-7ef9-4c24-944f-6a4932848de6', 'Cache-Control': 'no-cache, private', 'Content-Type': 'application/json', 'X-Kubernetes-Pf-Flowschema-Uid': 'ee1b6972-c39f-43e9-8cbb-fdc686d972d3', 'X-Kubernetes-Pf-Prioritylevel-Uid': 'ad2a3028-a5e2-40cc-a8d7-b7d22e9373c2', 'Date': 'Sat, 08 Mar 2025 13:10:50 GMT', 'Content-Length': '216'})
E           HTTP response body: {"kind":"Status","apiVersion":"v1","metadata":{},"status":"Failure","message":"namespaces \"kserve-ci-e2e-test\" not found","reason":"NotFound","details":{"name":"kserve-ci-e2e-test","kind":"namespaces"},"code":404}

../../python/kserve/kserve/api/kserve_client.py:151: RuntimeError
_______________________________ test_batcher_raw _______________________________

self = <kserve.api.kserve_client.KServeClient object at 0x7faa12dcc2f0>
inferenceservice = {'api_version': 'serving.kserve.io/v1beta1',
 'kind': 'InferenceService',
 'metadata': {'annotations': {'serving.kserv...        'worker_spec': None,
                        'xgboost': None},
          'transformer': None},
 'status': None}
namespace = 'kserve-ci-e2e-test', watch = False, timeout_seconds = 600

    def create(
        self, inferenceservice, namespace=None, watch=False, timeout_seconds=600
    ):  # pylint:disable=inconsistent-return-statements
        """
        Create the inference service
        :param inferenceservice: inference service object
        :param namespace: defaults to current or default namespace
        :param watch: True to watch the created service until timeout elapsed or status is ready
        :param timeout_seconds: timeout seconds for watch, default to 600s
        :return: created inference service
        """
    
        version = inferenceservice.api_version.split("/")[1]
    
        if namespace is None:
            namespace = utils.get_isvc_namespace(inferenceservice)
    
        try:
>           outputs = self.api_instance.create_namespaced_custom_object(
                constants.KSERVE_GROUP,
                version,
                namespace,
                constants.KSERVE_PLURAL_INFERENCESERVICE,
                inferenceservice,
            )

../../python/kserve/kserve/api/kserve_client.py:143: 
_ _ _ _ _ _ _ _ _ _ _ _ _ _ _ _ _ _ _ _ _ _ _ _ _ _ _ _ _ _ _ _ _ _ _ _ _ _ _ _ 
/home/lee/miniconda/lib/python3.12/site-packages/kubernetes/client/api/custom_objects_api.py:231: in create_namespaced_custom_object
    return self.create_namespaced_custom_object_with_http_info(group, version, namespace, plural, body, **kwargs)  # noqa: E501
/home/lee/miniconda/lib/python3.12/site-packages/kubernetes/client/api/custom_objects_api.py:354: in create_namespaced_custom_object_with_http_info
    return self.api_client.call_api(
/home/lee/miniconda/lib/python3.12/site-packages/kubernetes/client/api_client.py:348: in call_api
    return self.__call_api(resource_path, method,
/home/lee/miniconda/lib/python3.12/site-packages/kubernetes/client/api_client.py:180: in __call_api
    response_data = self.request(
/home/lee/miniconda/lib/python3.12/site-packages/kubernetes/client/api_client.py:391: in request
    return self.rest_client.POST(url,
/home/lee/miniconda/lib/python3.12/site-packages/kubernetes/client/rest.py:279: in POST
    return self.request("POST", url,
_ _ _ _ _ _ _ _ _ _ _ _ _ _ _ _ _ _ _ _ _ _ _ _ _ _ _ _ _ _ _ _ _ _ _ _ _ _ _ _ 

self = <kubernetes.client.rest.RESTClientObject object at 0x7faa12d86840>
method = 'POST'
url = 'https://127.0.0.1:38245/apis/serving.kserve.io/v1beta1/namespaces/kserve-ci-e2e-test/inferenceservices'
query_params = []
headers = {'Accept': 'application/json', 'Content-Type': 'application/json', 'User-Agent': 'OpenAPI-Generator/32.0.1/python'}
body = {'apiVersion': 'serving.kserve.io/v1beta1', 'kind': 'InferenceService', 'metadata': {'annotations': {'serving.kserve.i...}, 'requests': {'cpu': '50m', 'memory': '128Mi'}}, 'storageUri': 'gs://kfserving-examples/models/sklearn/1.0/model'}}}}
post_params = {}, _preload_content = True, _request_timeout = None

    def request(self, method, url, query_params=None, headers=None,
                body=None, post_params=None, _preload_content=True,
                _request_timeout=None):
        """Perform requests.
    
        :param method: http request method
        :param url: http request url
        :param query_params: query parameters in the url
        :param headers: http request headers
        :param body: request json body, for `application/json`
        :param post_params: request post parameters,
                            `application/x-www-form-urlencoded`
                            and `multipart/form-data`
        :param _preload_content: if False, the urllib3.HTTPResponse object will
                                 be returned without reading/decoding response
                                 data. Default is True.
        :param _request_timeout: timeout setting for this request. If one
                                 number provided, it will be total request
                                 timeout. It can also be a pair (tuple) of
                                 (connection, read) timeouts.
        """
        method = method.upper()
        assert method in ['GET', 'HEAD', 'DELETE', 'POST', 'PUT',
                          'PATCH', 'OPTIONS']
    
        if post_params and body:
            raise ApiValueError(
                "body parameter cannot be used with post_params parameter."
            )
    
        post_params = post_params or {}
        headers = headers or {}
    
        timeout = None
        if _request_timeout:
            if isinstance(_request_timeout, (int, ) if six.PY3 else (int, long)):  # noqa: E501,F821
                timeout = urllib3.Timeout(total=_request_timeout)
            elif (isinstance(_request_timeout, tuple) and
                  len(_request_timeout) == 2):
                timeout = urllib3.Timeout(
                    connect=_request_timeout[0], read=_request_timeout[1])
    
        if 'Content-Type' not in headers:
            headers['Content-Type'] = 'application/json'
    
        try:
            # For `POST`, `PUT`, `PATCH`, `OPTIONS`, `DELETE`
            if method in ['POST', 'PUT', 'PATCH', 'OPTIONS', 'DELETE']:
                if query_params:
                    url += '?' + urlencode(query_params)
                if (re.search('json', headers['Content-Type'], re.IGNORECASE) or
                        headers['Content-Type'] == 'application/apply-patch+yaml'):
                    if headers['Content-Type'] == 'application/json-patch+json':
                        if not isinstance(body, list):
                            headers['Content-Type'] = \
                                'application/strategic-merge-patch+json'
                    request_body = None
                    if body is not None:
                        request_body = json.dumps(body)
                    r = self.pool_manager.request(
                        method, url,
                        body=request_body,
                        preload_content=_preload_content,
                        timeout=timeout,
                        headers=headers)
                elif headers['Content-Type'] == 'application/x-www-form-urlencoded':  # noqa: E501
                    r = self.pool_manager.request(
                        method, url,
                        fields=post_params,
                        encode_multipart=False,
                        preload_content=_preload_content,
                        timeout=timeout,
                        headers=headers)
                elif headers['Content-Type'] == 'multipart/form-data':
                    # must del headers['Content-Type'], or the correct
                    # Content-Type which generated by urllib3 will be
                    # overwritten.
                    del headers['Content-Type']
                    r = self.pool_manager.request(
                        method, url,
                        fields=post_params,
                        encode_multipart=True,
                        preload_content=_preload_content,
                        timeout=timeout,
                        headers=headers)
                # Pass a `string` parameter directly in the body to support
                # other content types than Json when `body` argument is
                # provided in serialized form
                elif isinstance(body, str) or isinstance(body, bytes):
                    request_body = body
                    r = self.pool_manager.request(
                        method, url,
                        body=request_body,
                        preload_content=_preload_content,
                        timeout=timeout,
                        headers=headers)
                else:
                    # Cannot generate the request from given parameters
                    msg = """Cannot prepare a request message for provided
                             arguments. Please check that your arguments match
                             declared content type."""
                    raise ApiException(status=0, reason=msg)
            # For `GET`, `HEAD`
            else:
                r = self.pool_manager.request(method, url,
                                              fields=query_params,
                                              preload_content=_preload_content,
                                              timeout=timeout,
                                              headers=headers)
        except urllib3.exceptions.SSLError as e:
            msg = "{0}\n{1}".format(type(e).__name__, str(e))
            raise ApiException(status=0, reason=msg)
    
        if _preload_content:
            r = RESTResponse(r)
    
            # In the python 3, the response.data is bytes.
            # we need to decode it to string.
            if six.PY3:
                r.data = r.data.decode('utf8')
    
            # log response body
            logger.debug("response body: %s", r.data)
    
        if not 200 <= r.status <= 299:
>           raise ApiException(http_resp=r)
E           kubernetes.client.exceptions.ApiException: (404)
E           Reason: Not Found
E           HTTP response headers: HTTPHeaderDict({'Audit-Id': '9220dfff-5f0a-4db8-8776-da3c5b91118b', 'Cache-Control': 'no-cache, private', 'Content-Type': 'application/json', 'X-Kubernetes-Pf-Flowschema-Uid': 'ee1b6972-c39f-43e9-8cbb-fdc686d972d3', 'X-Kubernetes-Pf-Prioritylevel-Uid': 'ad2a3028-a5e2-40cc-a8d7-b7d22e9373c2', 'Date': 'Sat, 08 Mar 2025 13:10:50 GMT', 'Content-Length': '216'})
E           HTTP response body: {"kind":"Status","apiVersion":"v1","metadata":{},"status":"Failure","message":"namespaces \"kserve-ci-e2e-test\" not found","reason":"NotFound","details":{"name":"kserve-ci-e2e-test","kind":"namespaces"},"code":404}

/home/lee/miniconda/lib/python3.12/site-packages/kubernetes/client/rest.py:238: ApiException

During handling of the above exception, another exception occurred:

rest_v1_client = <kserve.inference_client.InferenceRESTClient object at 0x7faa171fa690>
network_layer = 'istio'

    @pytest.mark.raw
    @pytest.mark.asyncio(scope="session")
    async def test_batcher_raw(rest_v1_client, network_layer):
        suffix = str(uuid.uuid4())[1:6]
        service_name = "isvc-raw-sklearn-batcher-" + suffix
    
        annotations = dict()
        annotations["serving.kserve.io/deploymentMode"] = "RawDeployment"
    
        predictor = V1beta1PredictorSpec(
            batcher=V1beta1Batcher(
                max_batch_size=32,
                max_latency=5000,
            ),
            min_replicas=1,
            sklearn=V1beta1SKLearnSpec(
                storage_uri="gs://kfserving-examples/models/sklearn/1.0/model",
                resources=V1ResourceRequirements(
                    requests={"cpu": "50m", "memory": "128Mi"},
                    limits={"cpu": "100m", "memory": "256Mi"},
                ),
            ),
        )
    
        isvc = V1beta1InferenceService(
            api_version=constants.KSERVE_V1BETA1,
            kind=constants.KSERVE_KIND_INFERENCESERVICE,
            metadata=client.V1ObjectMeta(
                name=service_name,
                namespace=KSERVE_TEST_NAMESPACE,
                annotations=annotations,
            ),
            spec=V1beta1InferenceServiceSpec(predictor=predictor),
        )
>       kserve_client.create(isvc)

batcher/test_raw_batcher.py:67: 
_ _ _ _ _ _ _ _ _ _ _ _ _ _ _ _ _ _ _ _ _ _ _ _ _ _ _ _ _ _ _ _ _ _ _ _ _ _ _ _ 

self = <kserve.api.kserve_client.KServeClient object at 0x7faa12dcc2f0>
inferenceservice = {'api_version': 'serving.kserve.io/v1beta1',
 'kind': 'InferenceService',
 'metadata': {'annotations': {'serving.kserv...        'worker_spec': None,
                        'xgboost': None},
          'transformer': None},
 'status': None}
namespace = 'kserve-ci-e2e-test', watch = False, timeout_seconds = 600

    def create(
        self, inferenceservice, namespace=None, watch=False, timeout_seconds=600
    ):  # pylint:disable=inconsistent-return-statements
        """
        Create the inference service
        :param inferenceservice: inference service object
        :param namespace: defaults to current or default namespace
        :param watch: True to watch the created service until timeout elapsed or status is ready
        :param timeout_seconds: timeout seconds for watch, default to 600s
        :return: created inference service
        """
    
        version = inferenceservice.api_version.split("/")[1]
    
        if namespace is None:
            namespace = utils.get_isvc_namespace(inferenceservice)
    
        try:
            outputs = self.api_instance.create_namespaced_custom_object(
                constants.KSERVE_GROUP,
                version,
                namespace,
                constants.KSERVE_PLURAL_INFERENCESERVICE,
                inferenceservice,
            )
        except client.rest.ApiException as e:
>           raise RuntimeError(
                "Exception when calling CustomObjectsApi->create_namespaced_custom_object:\
                 %s\n"
                % e
            )
E           RuntimeError: Exception when calling CustomObjectsApi->create_namespaced_custom_object:                 (404)
E           Reason: Not Found
E           HTTP response headers: HTTPHeaderDict({'Audit-Id': '9220dfff-5f0a-4db8-8776-da3c5b91118b', 'Cache-Control': 'no-cache, private', 'Content-Type': 'application/json', 'X-Kubernetes-Pf-Flowschema-Uid': 'ee1b6972-c39f-43e9-8cbb-fdc686d972d3', 'X-Kubernetes-Pf-Prioritylevel-Uid': 'ad2a3028-a5e2-40cc-a8d7-b7d22e9373c2', 'Date': 'Sat, 08 Mar 2025 13:10:50 GMT', 'Content-Length': '216'})
E           HTTP response body: {"kind":"Status","apiVersion":"v1","metadata":{},"status":"Failure","message":"namespaces \"kserve-ci-e2e-test\" not found","reason":"NotFound","details":{"name":"kserve-ci-e2e-test","kind":"namespaces"},"code":404}

../../python/kserve/kserve/api/kserve_client.py:151: RuntimeError
___________________________ test_set_credentials_s3 ____________________________

namespace = 'kserve-ci-e2e-test'
annotations = {'serving.kserve.io/s3-endpoint': 's3.us-west-2.amazonaws.com', 'serving.kserve.io/s3-region': 'us-west-2', 'serving.kserve.io/s3-usehttps': '1', 'serving.kserve.io/s3-verifyssl': '0'}
data = {'AWS_ACCESS_KEY_ID': 'ARQ7AKIBFOFN6F6WXBSZ', 'AWS_SECRET_ACCESS_KEY': '4tdCyzIxlbPzoBfQGbAPw2hY+Rkzgv/b4vB0Q+ps'}
string_data = None

    def create_secret(namespace, annotations=None, data=None, string_data=None):
        "Create namespaced secret, and return the secret name."
        try:
>           created_secret = client.CoreV1Api().create_namespaced_secret(
                namespace,
                client.V1Secret(
                    api_version="v1",
                    kind="Secret",
                    metadata=client.V1ObjectMeta(
                        generate_name=constants.DEFAULT_SECRET_NAME, annotations=annotations
                    ),
                    data=data,
                    string_data=string_data,
                ),
            )

../../python/kserve/kserve/api/creds_utils.py:154: 
_ _ _ _ _ _ _ _ _ _ _ _ _ _ _ _ _ _ _ _ _ _ _ _ _ _ _ _ _ _ _ _ _ _ _ _ _ _ _ _ 
/home/lee/miniconda/lib/python3.12/site-packages/kubernetes/client/api/core_v1_api.py:8232: in create_namespaced_secret
    return self.create_namespaced_secret_with_http_info(namespace, body, **kwargs)  # noqa: E501
/home/lee/miniconda/lib/python3.12/site-packages/kubernetes/client/api/core_v1_api.py:8331: in create_namespaced_secret_with_http_info
    return self.api_client.call_api(
/home/lee/miniconda/lib/python3.12/site-packages/kubernetes/client/api_client.py:348: in call_api
    return self.__call_api(resource_path, method,
/home/lee/miniconda/lib/python3.12/site-packages/kubernetes/client/api_client.py:180: in __call_api
    response_data = self.request(
/home/lee/miniconda/lib/python3.12/site-packages/kubernetes/client/api_client.py:391: in request
    return self.rest_client.POST(url,
/home/lee/miniconda/lib/python3.12/site-packages/kubernetes/client/rest.py:279: in POST
    return self.request("POST", url,
_ _ _ _ _ _ _ _ _ _ _ _ _ _ _ _ _ _ _ _ _ _ _ _ _ _ _ _ _ _ _ _ _ _ _ _ _ _ _ _ 

self = <kubernetes.client.rest.RESTClientObject object at 0x7faa123b7f20>
method = 'POST'
url = 'https://127.0.0.1:38245/api/v1/namespaces/kserve-ci-e2e-test/secrets'
query_params = []
headers = {'Accept': 'application/json', 'Content-Type': 'application/json', 'User-Agent': 'OpenAPI-Generator/32.0.1/python'}
body = {'apiVersion': 'v1', 'data': {'AWS_ACCESS_KEY_ID': 'ARQ7AKIBFOFN6F6WXBSZ', 'AWS_SECRET_ACCESS_KEY': '4tdCyzIxlbPzoBfQG...st-2', 'serving.kserve.io/s3-usehttps': '1', 'serving.kserve.io/s3-verifyssl': '0'}, 'generateName': 'kserve-secret-'}}
post_params = {}, _preload_content = True, _request_timeout = None

    def request(self, method, url, query_params=None, headers=None,
                body=None, post_params=None, _preload_content=True,
                _request_timeout=None):
        """Perform requests.
    
        :param method: http request method
        :param url: http request url
        :param query_params: query parameters in the url
        :param headers: http request headers
        :param body: request json body, for `application/json`
        :param post_params: request post parameters,
                            `application/x-www-form-urlencoded`
                            and `multipart/form-data`
        :param _preload_content: if False, the urllib3.HTTPResponse object will
                                 be returned without reading/decoding response
                                 data. Default is True.
        :param _request_timeout: timeout setting for this request. If one
                                 number provided, it will be total request
                                 timeout. It can also be a pair (tuple) of
                                 (connection, read) timeouts.
        """
        method = method.upper()
        assert method in ['GET', 'HEAD', 'DELETE', 'POST', 'PUT',
                          'PATCH', 'OPTIONS']
    
        if post_params and body:
            raise ApiValueError(
                "body parameter cannot be used with post_params parameter."
            )
    
        post_params = post_params or {}
        headers = headers or {}
    
        timeout = None
        if _request_timeout:
            if isinstance(_request_timeout, (int, ) if six.PY3 else (int, long)):  # noqa: E501,F821
                timeout = urllib3.Timeout(total=_request_timeout)
            elif (isinstance(_request_timeout, tuple) and
                  len(_request_timeout) == 2):
                timeout = urllib3.Timeout(
                    connect=_request_timeout[0], read=_request_timeout[1])
    
        if 'Content-Type' not in headers:
            headers['Content-Type'] = 'application/json'
    
        try:
            # For `POST`, `PUT`, `PATCH`, `OPTIONS`, `DELETE`
            if method in ['POST', 'PUT', 'PATCH', 'OPTIONS', 'DELETE']:
                if query_params:
                    url += '?' + urlencode(query_params)
                if (re.search('json', headers['Content-Type'], re.IGNORECASE) or
                        headers['Content-Type'] == 'application/apply-patch+yaml'):
                    if headers['Content-Type'] == 'application/json-patch+json':
                        if not isinstance(body, list):
                            headers['Content-Type'] = \
                                'application/strategic-merge-patch+json'
                    request_body = None
                    if body is not None:
                        request_body = json.dumps(body)
                    r = self.pool_manager.request(
                        method, url,
                        body=request_body,
                        preload_content=_preload_content,
                        timeout=timeout,
                        headers=headers)
                elif headers['Content-Type'] == 'application/x-www-form-urlencoded':  # noqa: E501
                    r = self.pool_manager.request(
                        method, url,
                        fields=post_params,
                        encode_multipart=False,
                        preload_content=_preload_content,
                        timeout=timeout,
                        headers=headers)
                elif headers['Content-Type'] == 'multipart/form-data':
                    # must del headers['Content-Type'], or the correct
                    # Content-Type which generated by urllib3 will be
                    # overwritten.
                    del headers['Content-Type']
                    r = self.pool_manager.request(
                        method, url,
                        fields=post_params,
                        encode_multipart=True,
                        preload_content=_preload_content,
                        timeout=timeout,
                        headers=headers)
                # Pass a `string` parameter directly in the body to support
                # other content types than Json when `body` argument is
                # provided in serialized form
                elif isinstance(body, str) or isinstance(body, bytes):
                    request_body = body
                    r = self.pool_manager.request(
                        method, url,
                        body=request_body,
                        preload_content=_preload_content,
                        timeout=timeout,
                        headers=headers)
                else:
                    # Cannot generate the request from given parameters
                    msg = """Cannot prepare a request message for provided
                             arguments. Please check that your arguments match
                             declared content type."""
                    raise ApiException(status=0, reason=msg)
            # For `GET`, `HEAD`
            else:
                r = self.pool_manager.request(method, url,
                                              fields=query_params,
                                              preload_content=_preload_content,
                                              timeout=timeout,
                                              headers=headers)
        except urllib3.exceptions.SSLError as e:
            msg = "{0}\n{1}".format(type(e).__name__, str(e))
            raise ApiException(status=0, reason=msg)
    
        if _preload_content:
            r = RESTResponse(r)
    
            # In the python 3, the response.data is bytes.
            # we need to decode it to string.
            if six.PY3:
                r.data = r.data.decode('utf8')
    
            # log response body
            logger.debug("response body: %s", r.data)
    
        if not 200 <= r.status <= 299:
>           raise ApiException(http_resp=r)
E           kubernetes.client.exceptions.ApiException: (404)
E           Reason: Not Found
E           HTTP response headers: HTTPHeaderDict({'Audit-Id': 'fa576691-3bc1-4e1b-8198-1108b7b58724', 'Cache-Control': 'no-cache, private', 'Content-Type': 'application/json', 'X-Kubernetes-Pf-Flowschema-Uid': 'ee1b6972-c39f-43e9-8cbb-fdc686d972d3', 'X-Kubernetes-Pf-Prioritylevel-Uid': 'ad2a3028-a5e2-40cc-a8d7-b7d22e9373c2', 'Date': 'Sat, 08 Mar 2025 13:10:50 GMT', 'Content-Length': '216'})
E           HTTP response body: {"kind":"Status","apiVersion":"v1","metadata":{},"status":"Failure","message":"namespaces \"kserve-ci-e2e-test\" not found","reason":"NotFound","details":{"name":"kserve-ci-e2e-test","kind":"namespaces"},"code":404}

/home/lee/miniconda/lib/python3.12/site-packages/kubernetes/client/rest.py:238: ApiException

During handling of the above exception, another exception occurred:

    def test_set_credentials_s3():
        """Test S3 credentials creating."""
        kfserving = KServeClient()
        credentials_file = "./credentials/aws_credentials"
    
        # Test creating service account case.
        sa_name = constants.DEFAULT_SA_NAME
        if check_sa_exists(sa_name):
            delete_sa(sa_name)
    
>       kfserving.set_credentials(
            storage_type="s3",
            namespace=KSERVE_TEST_NAMESPACE,
            credentials_file=credentials_file,
            s3_profile="default",
            s3_endpoint="s3.us-west-2.amazonaws.com",
            s3_region="us-west-2",
            s3_use_https="1",
            s3_verify_ssl="0",
        )

credentials/test_set_creds.py:69: 
_ _ _ _ _ _ _ _ _ _ _ _ _ _ _ _ _ _ _ _ _ _ _ _ _ _ _ _ _ _ _ _ _ _ _ _ _ _ _ _ 
../../python/kserve/kserve/api/kserve_client.py:104: in set_credentials
    set_s3_credentials(
../../python/kserve/kserve/api/creds_utils.py:114: in set_s3_credentials
    secret_name = create_secret(
_ _ _ _ _ _ _ _ _ _ _ _ _ _ _ _ _ _ _ _ _ _ _ _ _ _ _ _ _ _ _ _ _ _ _ _ _ _ _ _ 

namespace = 'kserve-ci-e2e-test'
annotations = {'serving.kserve.io/s3-endpoint': 's3.us-west-2.amazonaws.com', 'serving.kserve.io/s3-region': 'us-west-2', 'serving.kserve.io/s3-usehttps': '1', 'serving.kserve.io/s3-verifyssl': '0'}
data = {'AWS_ACCESS_KEY_ID': 'ARQ7AKIBFOFN6F6WXBSZ', 'AWS_SECRET_ACCESS_KEY': '4tdCyzIxlbPzoBfQGbAPw2hY+Rkzgv/b4vB0Q+ps'}
string_data = None

    def create_secret(namespace, annotations=None, data=None, string_data=None):
        "Create namespaced secret, and return the secret name."
        try:
            created_secret = client.CoreV1Api().create_namespaced_secret(
                namespace,
                client.V1Secret(
                    api_version="v1",
                    kind="Secret",
                    metadata=client.V1ObjectMeta(
                        generate_name=constants.DEFAULT_SECRET_NAME, annotations=annotations
                    ),
                    data=data,
                    string_data=string_data,
                ),
            )
        except client.rest.ApiException as e:
>           raise RuntimeError(
                "Exception when calling CoreV1Api->create_namespaced_secret: %s\n" % e
            )
E           RuntimeError: Exception when calling CoreV1Api->create_namespaced_secret: (404)
E           Reason: Not Found
E           HTTP response headers: HTTPHeaderDict({'Audit-Id': 'fa576691-3bc1-4e1b-8198-1108b7b58724', 'Cache-Control': 'no-cache, private', 'Content-Type': 'application/json', 'X-Kubernetes-Pf-Flowschema-Uid': 'ee1b6972-c39f-43e9-8cbb-fdc686d972d3', 'X-Kubernetes-Pf-Prioritylevel-Uid': 'ad2a3028-a5e2-40cc-a8d7-b7d22e9373c2', 'Date': 'Sat, 08 Mar 2025 13:10:50 GMT', 'Content-Length': '216'})
E           HTTP response body: {"kind":"Status","apiVersion":"v1","metadata":{},"status":"Failure","message":"namespaces \"kserve-ci-e2e-test\" not found","reason":"NotFound","details":{"name":"kserve-ci-e2e-test","kind":"namespaces"},"code":404}

../../python/kserve/kserve/api/creds_utils.py:167: RuntimeError
___________________________ test_set_credentials_gcp ___________________________

namespace = 'kserve-ci-e2e-test', annotations = None, data = None
string_data = {'gcloud-application-credentials.json': '{\n    "client_id": "760518506408-6qr4p6gpi6hn506pt8ejuq83di341hur.apps.googl...0TyFpd7h",\n    "refresh_token": "1/bqYmkxnDbxEstG12XcmOZrN0-eyI3beanJbRd4kqs6g",\n    "type": "authorized_user"\n}\n'}

    def create_secret(namespace, annotations=None, data=None, string_data=None):
        "Create namespaced secret, and return the secret name."
        try:
>           created_secret = client.CoreV1Api().create_namespaced_secret(
                namespace,
                client.V1Secret(
                    api_version="v1",
                    kind="Secret",
                    metadata=client.V1ObjectMeta(
                        generate_name=constants.DEFAULT_SECRET_NAME, annotations=annotations
                    ),
                    data=data,
                    string_data=string_data,
                ),
            )

../../python/kserve/kserve/api/creds_utils.py:154: 
_ _ _ _ _ _ _ _ _ _ _ _ _ _ _ _ _ _ _ _ _ _ _ _ _ _ _ _ _ _ _ _ _ _ _ _ _ _ _ _ 
/home/lee/miniconda/lib/python3.12/site-packages/kubernetes/client/api/core_v1_api.py:8232: in create_namespaced_secret
    return self.create_namespaced_secret_with_http_info(namespace, body, **kwargs)  # noqa: E501
/home/lee/miniconda/lib/python3.12/site-packages/kubernetes/client/api/core_v1_api.py:8331: in create_namespaced_secret_with_http_info
    return self.api_client.call_api(
/home/lee/miniconda/lib/python3.12/site-packages/kubernetes/client/api_client.py:348: in call_api
    return self.__call_api(resource_path, method,
/home/lee/miniconda/lib/python3.12/site-packages/kubernetes/client/api_client.py:180: in __call_api
    response_data = self.request(
/home/lee/miniconda/lib/python3.12/site-packages/kubernetes/client/api_client.py:391: in request
    return self.rest_client.POST(url,
/home/lee/miniconda/lib/python3.12/site-packages/kubernetes/client/rest.py:279: in POST
    return self.request("POST", url,
_ _ _ _ _ _ _ _ _ _ _ _ _ _ _ _ _ _ _ _ _ _ _ _ _ _ _ _ _ _ _ _ _ _ _ _ _ _ _ _ 

self = <kubernetes.client.rest.RESTClientObject object at 0x7faa121fe330>
method = 'POST'
url = 'https://127.0.0.1:38245/api/v1/namespaces/kserve-ci-e2e-test/secrets'
query_params = []
headers = {'Accept': 'application/json', 'Content-Type': 'application/json', 'User-Agent': 'OpenAPI-Generator/32.0.1/python'}
body = {'apiVersion': 'v1', 'kind': 'Secret', 'metadata': {'generateName': 'kserve-secret-'}, 'stringData': {'gcloud-applicat...TyFpd7h",\n    "refresh_token": "1/bqYmkxnDbxEstG12XcmOZrN0-eyI3beanJbRd4kqs6g",\n    "type": "authorized_user"\n}\n'}}
post_params = {}, _preload_content = True, _request_timeout = None

    def request(self, method, url, query_params=None, headers=None,
                body=None, post_params=None, _preload_content=True,
                _request_timeout=None):
        """Perform requests.
    
        :param method: http request method
        :param url: http request url
        :param query_params: query parameters in the url
        :param headers: http request headers
        :param body: request json body, for `application/json`
        :param post_params: request post parameters,
                            `application/x-www-form-urlencoded`
                            and `multipart/form-data`
        :param _preload_content: if False, the urllib3.HTTPResponse object will
                                 be returned without reading/decoding response
                                 data. Default is True.
        :param _request_timeout: timeout setting for this request. If one
                                 number provided, it will be total request
                                 timeout. It can also be a pair (tuple) of
                                 (connection, read) timeouts.
        """
        method = method.upper()
        assert method in ['GET', 'HEAD', 'DELETE', 'POST', 'PUT',
                          'PATCH', 'OPTIONS']
    
        if post_params and body:
            raise ApiValueError(
                "body parameter cannot be used with post_params parameter."
            )
    
        post_params = post_params or {}
        headers = headers or {}
    
        timeout = None
        if _request_timeout:
            if isinstance(_request_timeout, (int, ) if six.PY3 else (int, long)):  # noqa: E501,F821
                timeout = urllib3.Timeout(total=_request_timeout)
            elif (isinstance(_request_timeout, tuple) and
                  len(_request_timeout) == 2):
                timeout = urllib3.Timeout(
                    connect=_request_timeout[0], read=_request_timeout[1])
    
        if 'Content-Type' not in headers:
            headers['Content-Type'] = 'application/json'
    
        try:
            # For `POST`, `PUT`, `PATCH`, `OPTIONS`, `DELETE`
            if method in ['POST', 'PUT', 'PATCH', 'OPTIONS', 'DELETE']:
                if query_params:
                    url += '?' + urlencode(query_params)
                if (re.search('json', headers['Content-Type'], re.IGNORECASE) or
                        headers['Content-Type'] == 'application/apply-patch+yaml'):
                    if headers['Content-Type'] == 'application/json-patch+json':
                        if not isinstance(body, list):
                            headers['Content-Type'] = \
                                'application/strategic-merge-patch+json'
                    request_body = None
                    if body is not None:
                        request_body = json.dumps(body)
                    r = self.pool_manager.request(
                        method, url,
                        body=request_body,
                        preload_content=_preload_content,
                        timeout=timeout,
                        headers=headers)
                elif headers['Content-Type'] == 'application/x-www-form-urlencoded':  # noqa: E501
                    r = self.pool_manager.request(
                        method, url,
                        fields=post_params,
                        encode_multipart=False,
                        preload_content=_preload_content,
                        timeout=timeout,
                        headers=headers)
                elif headers['Content-Type'] == 'multipart/form-data':
                    # must del headers['Content-Type'], or the correct
                    # Content-Type which generated by urllib3 will be
                    # overwritten.
                    del headers['Content-Type']
                    r = self.pool_manager.request(
                        method, url,
                        fields=post_params,
                        encode_multipart=True,
                        preload_content=_preload_content,
                        timeout=timeout,
                        headers=headers)
                # Pass a `string` parameter directly in the body to support
                # other content types than Json when `body` argument is
                # provided in serialized form
                elif isinstance(body, str) or isinstance(body, bytes):
                    request_body = body
                    r = self.pool_manager.request(
                        method, url,
                        body=request_body,
                        preload_content=_preload_content,
                        timeout=timeout,
                        headers=headers)
                else:
                    # Cannot generate the request from given parameters
                    msg = """Cannot prepare a request message for provided
                             arguments. Please check that your arguments match
                             declared content type."""
                    raise ApiException(status=0, reason=msg)
            # For `GET`, `HEAD`
            else:
                r = self.pool_manager.request(method, url,
                                              fields=query_params,
                                              preload_content=_preload_content,
                                              timeout=timeout,
                                              headers=headers)
        except urllib3.exceptions.SSLError as e:
            msg = "{0}\n{1}".format(type(e).__name__, str(e))
            raise ApiException(status=0, reason=msg)
    
        if _preload_content:
            r = RESTResponse(r)
    
            # In the python 3, the response.data is bytes.
            # we need to decode it to string.
            if six.PY3:
                r.data = r.data.decode('utf8')
    
            # log response body
            logger.debug("response body: %s", r.data)
    
        if not 200 <= r.status <= 299:
>           raise ApiException(http_resp=r)
E           kubernetes.client.exceptions.ApiException: (404)
E           Reason: Not Found
E           HTTP response headers: HTTPHeaderDict({'Audit-Id': '66f9f258-736e-407c-8224-fe8f67a6e947', 'Cache-Control': 'no-cache, private', 'Content-Type': 'application/json', 'X-Kubernetes-Pf-Flowschema-Uid': 'ee1b6972-c39f-43e9-8cbb-fdc686d972d3', 'X-Kubernetes-Pf-Prioritylevel-Uid': 'ad2a3028-a5e2-40cc-a8d7-b7d22e9373c2', 'Date': 'Sat, 08 Mar 2025 13:10:50 GMT', 'Content-Length': '216'})
E           HTTP response body: {"kind":"Status","apiVersion":"v1","metadata":{},"status":"Failure","message":"namespaces \"kserve-ci-e2e-test\" not found","reason":"NotFound","details":{"name":"kserve-ci-e2e-test","kind":"namespaces"},"code":404}

/home/lee/miniconda/lib/python3.12/site-packages/kubernetes/client/rest.py:238: ApiException

During handling of the above exception, another exception occurred:

    def test_set_credentials_gcp():
        """Test GCP credentials creating"""
        kserve_client = KServeClient()
        sa_name = constants.DEFAULT_SA_NAME
>       kserve_client.set_credentials(
            storage_type="gcs",
            namespace=KSERVE_TEST_NAMESPACE,
            credentials_file="./credentials/gcp_credentials.json",
            sa_name=sa_name,
        )

credentials/test_set_creds.py:118: 
_ _ _ _ _ _ _ _ _ _ _ _ _ _ _ _ _ _ _ _ _ _ _ _ _ _ _ _ _ _ _ _ _ _ _ _ _ _ _ _ 
../../python/kserve/kserve/api/kserve_client.py:96: in set_credentials
    set_gcs_credentials(
../../python/kserve/kserve/api/creds_utils.py:47: in set_gcs_credentials
    secret_name = create_secret(namespace=namespace, string_data=string_data)
_ _ _ _ _ _ _ _ _ _ _ _ _ _ _ _ _ _ _ _ _ _ _ _ _ _ _ _ _ _ _ _ _ _ _ _ _ _ _ _ 

namespace = 'kserve-ci-e2e-test', annotations = None, data = None
string_data = {'gcloud-application-credentials.json': '{\n    "client_id": "760518506408-6qr4p6gpi6hn506pt8ejuq83di341hur.apps.googl...0TyFpd7h",\n    "refresh_token": "1/bqYmkxnDbxEstG12XcmOZrN0-eyI3beanJbRd4kqs6g",\n    "type": "authorized_user"\n}\n'}

    def create_secret(namespace, annotations=None, data=None, string_data=None):
        "Create namespaced secret, and return the secret name."
        try:
            created_secret = client.CoreV1Api().create_namespaced_secret(
                namespace,
                client.V1Secret(
                    api_version="v1",
                    kind="Secret",
                    metadata=client.V1ObjectMeta(
                        generate_name=constants.DEFAULT_SECRET_NAME, annotations=annotations
                    ),
                    data=data,
                    string_data=string_data,
                ),
            )
        except client.rest.ApiException as e:
>           raise RuntimeError(
                "Exception when calling CoreV1Api->create_namespaced_secret: %s\n" % e
            )
E           RuntimeError: Exception when calling CoreV1Api->create_namespaced_secret: (404)
E           Reason: Not Found
E           HTTP response headers: HTTPHeaderDict({'Audit-Id': '66f9f258-736e-407c-8224-fe8f67a6e947', 'Cache-Control': 'no-cache, private', 'Content-Type': 'application/json', 'X-Kubernetes-Pf-Flowschema-Uid': 'ee1b6972-c39f-43e9-8cbb-fdc686d972d3', 'X-Kubernetes-Pf-Prioritylevel-Uid': 'ad2a3028-a5e2-40cc-a8d7-b7d22e9373c2', 'Date': 'Sat, 08 Mar 2025 13:10:50 GMT', 'Content-Length': '216'})
E           HTTP response body: {"kind":"Status","apiVersion":"v1","metadata":{},"status":"Failure","message":"namespaces \"kserve-ci-e2e-test\" not found","reason":"NotFound","details":{"name":"kserve-ci-e2e-test","kind":"namespaces"},"code":404}

../../python/kserve/kserve/api/creds_utils.py:167: RuntimeError
____________________________ test_azure_credentials ____________________________

namespace = 'kserve-ci-e2e-test', annotations = None
data = {'AZURE_CLIENT_ID': 'dXNlcgo=', 'AZURE_CLIENT_SECRET': 'cGFzc3dvcmQ=', 'AZURE_SUBSCRIPTION_ID': 'MzMzMzMzMzMtMzMzMy0zMzMzLTMzMzMtMzMzMzMz', 'AZURE_TENANT_ID': 'MTIzNAo='}
string_data = None

    def create_secret(namespace, annotations=None, data=None, string_data=None):
        "Create namespaced secret, and return the secret name."
        try:
>           created_secret = client.CoreV1Api().create_namespaced_secret(
                namespace,
                client.V1Secret(
                    api_version="v1",
[...]
                 %s\n"
                % e
            )
E           RuntimeError: Exception when calling CustomObjectsApi->create_namespaced_custom_object:                 (404)
E           Reason: Not Found
E           HTTP response headers: HTTPHeaderDict({'Audit-Id': 'a6c880cf-2374-45e1-ba42-9e54c0980a9d', 'Cache-Control': 'no-cache, private', 'Content-Type': 'application/json', 'X-Kubernetes-Pf-Flowschema-Uid': 'ee1b6972-c39f-43e9-8cbb-fdc686d972d3', 'X-Kubernetes-Pf-Prioritylevel-Uid': 'ad2a3028-a5e2-40cc-a8d7-b7d22e9373c2', 'Date': 'Sat, 08 Mar 2025 13:10:53 GMT', 'Content-Length': '216'})
E           HTTP response body: {"kind":"Status","apiVersion":"v1","metadata":{},"status":"Failure","message":"namespaces \"kserve-ci-e2e-test\" not found","reason":"NotFound","details":{"name":"kserve-ci-e2e-test","kind":"namespaces"},"code":404}

../../python/kserve/kserve/api/kserve_client.py:151: RuntimeError
______________________________ test_kserve_logger ______________________________

self = <kserve.api.kserve_client.KServeClient object at 0x7faa124ecb30>
inferenceservice = {'api_version': 'serving.kserve.io/v1beta1',
 'kind': 'InferenceService',
 'metadata': {'annotations': {'serving.kserv...        'worker_spec': None,
                        'xgboost': None},
          'transformer': None},
 'status': None}
namespace = 'kserve-ci-e2e-test', watch = False, timeout_seconds = 600

    def create(
        self, inferenceservice, namespace=None, watch=False, timeout_seconds=600
    ):  # pylint:disable=inconsistent-return-statements
        """
        Create the inference service
        :param inferenceservice: inference service object
        :param namespace: defaults to current or default namespace
        :param watch: True to watch the created service until timeout elapsed or status is ready
        :param timeout_seconds: timeout seconds for watch, default to 600s
        :return: created inference service
        """
    
        version = inferenceservice.api_version.split("/")[1]
    
        if namespace is None:
            namespace = utils.get_isvc_namespace(inferenceservice)
    
        try:
>           outputs = self.api_instance.create_namespaced_custom_object(
                constants.KSERVE_GROUP,
                version,
                namespace,
                constants.KSERVE_PLURAL_INFERENCESERVICE,
                inferenceservice,
            )

../../python/kserve/kserve/api/kserve_client.py:143: 
_ _ _ _ _ _ _ _ _ _ _ _ _ _ _ _ _ _ _ _ _ _ _ _ _ _ _ _ _ _ _ _ _ _ _ _ _ _ _ _ 
/home/lee/miniconda/lib/python3.12/site-packages/kubernetes/client/api/custom_objects_api.py:231: in create_namespaced_custom_object
    return self.create_namespaced_custom_object_with_http_info(group, version, namespace, plural, body, **kwargs)  # noqa: E501
/home/lee/miniconda/lib/python3.12/site-packages/kubernetes/client/api/custom_objects_api.py:354: in create_namespaced_custom_object_with_http_info
    return self.api_client.call_api(
/home/lee/miniconda/lib/python3.12/site-packages/kubernetes/client/api_client.py:348: in call_api
    return self.__call_api(resource_path, method,
/home/lee/miniconda/lib/python3.12/site-packages/kubernetes/client/api_client.py:180: in __call_api
    response_data = self.request(
/home/lee/miniconda/lib/python3.12/site-packages/kubernetes/client/api_client.py:391: in request
    return self.rest_client.POST(url,
/home/lee/miniconda/lib/python3.12/site-packages/kubernetes/client/rest.py:279: in POST
    return self.request("POST", url,
_ _ _ _ _ _ _ _ _ _ _ _ _ _ _ _ _ _ _ _ _ _ _ _ _ _ _ _ _ _ _ _ _ _ _ _ _ _ _ _ 

self = <kubernetes.client.rest.RESTClientObject object at 0x7faa124ed310>
method = 'POST'
url = 'https://127.0.0.1:38245/apis/serving.kserve.io/v1beta1/namespaces/kserve-ci-e2e-test/inferenceservices'
query_params = []
headers = {'Accept': 'application/json', 'Content-Type': 'application/json', 'User-Agent': 'OpenAPI-Generator/32.0.1/python'}
body = {'apiVersion': 'serving.kserve.io/v1beta1', 'kind': 'InferenceService', 'metadata': {'annotations': {'serving.kserve.i...md/event_display', 'name': 'kserve-container', 'resources': {'limits': {...}, 'requests': {...}}}], 'minReplicas': 1}}}
post_params = {}, _preload_content = True, _request_timeout = None

    def request(self, method, url, query_params=None, headers=None,
                body=None, post_params=None, _preload_content=True,
                _request_timeout=None):
        """Perform requests.
    
        :param method: http request method
        :param url: http request url
        :param query_params: query parameters in the url
        :param headers: http request headers
        :param body: request json body, for `application/json`
        :param post_params: request post parameters,
                            `application/x-www-form-urlencoded`
                            and `multipart/form-data`
        :param _preload_content: if False, the urllib3.HTTPResponse object will
                                 be returned without reading/decoding response
                                 data. Default is True.
        :param _request_timeout: timeout setting for this request. If one
                                 number provided, it will be total request
                                 timeout. It can also be a pair (tuple) of
                                 (connection, read) timeouts.
        """
        method = method.upper()
        assert method in ['GET', 'HEAD', 'DELETE', 'POST', 'PUT',
                          'PATCH', 'OPTIONS']
    
        if post_params and body:
            raise ApiValueError(
                "body parameter cannot be used with post_params parameter."
            )
    
        post_params = post_params or {}
        headers = headers or {}
    
        timeout = None
        if _request_timeout:
            if isinstance(_request_timeout, (int, ) if six.PY3 else (int, long)):  # noqa: E501,F821
                timeout = urllib3.Timeout(total=_request_timeout)
            elif (isinstance(_request_timeout, tuple) and
                  len(_request_timeout) == 2):
                timeout = urllib3.Timeout(
                    connect=_request_timeout[0], read=_request_timeout[1])
    
        if 'Content-Type' not in headers:
            headers['Content-Type'] = 'application/json'
    
        try:
            # For `POST`, `PUT`, `PATCH`, `OPTIONS`, `DELETE`
            if method in ['POST', 'PUT', 'PATCH', 'OPTIONS', 'DELETE']:
                if query_params:
                    url += '?' + urlencode(query_params)
                if (re.search('json', headers['Content-Type'], re.IGNORECASE) or
                        headers['Content-Type'] == 'application/apply-patch+yaml'):
                    if headers['Content-Type'] == 'application/json-patch+json':
                        if not isinstance(body, list):
                            headers['Content-Type'] = \
                                'application/strategic-merge-patch+json'
                    request_body = None
                    if body is not None:
                        request_body = json.dumps(body)
                    r = self.pool_manager.request(
                        method, url,
                        body=request_body,
                        preload_content=_preload_content,
                        timeout=timeout,
                        headers=headers)
                elif headers['Content-Type'] == 'application/x-www-form-urlencoded':  # noqa: E501
                    r = self.pool_manager.request(
                        method, url,
                        fields=post_params,
                        encode_multipart=False,
                        preload_content=_preload_content,
                        timeout=timeout,
                        headers=headers)
                elif headers['Content-Type'] == 'multipart/form-data':
                    # must del headers['Content-Type'], or the correct
                    # Content-Type which generated by urllib3 will be
                    # overwritten.
                    del headers['Content-Type']
                    r = self.pool_manager.request(
                        method, url,
                        fields=post_params,
                        encode_multipart=True,
                        preload_content=_preload_content,
                        timeout=timeout,
                        headers=headers)
                # Pass a `string` parameter directly in the body to support
                # other content types than Json when `body` argument is
                # provided in serialized form
                elif isinstance(body, str) or isinstance(body, bytes):
                    request_body = body
                    r = self.pool_manager.request(
                        method, url,
                        body=request_body,
                        preload_content=_preload_content,
                        timeout=timeout,
                        headers=headers)
                else:
                    # Cannot generate the request from given parameters
                    msg = """Cannot prepare a request message for provided
                             arguments. Please check that your arguments match
                             declared content type."""
                    raise ApiException(status=0, reason=msg)
            # For `GET`, `HEAD`
            else:
                r = self.pool_manager.request(method, url,
                                              fields=query_params,
                                              preload_content=_preload_content,
                                              timeout=timeout,
                                              headers=headers)
        except urllib3.exceptions.SSLError as e:
            msg = "{0}\n{1}".format(type(e).__name__, str(e))
            raise ApiException(status=0, reason=msg)
    
        if _preload_content:
            r = RESTResponse(r)
    
            # In the python 3, the response.data is bytes.
            # we need to decode it to string.
            if six.PY3:
                r.data = r.data.decode('utf8')
    
            # log response body
            logger.debug("response body: %s", r.data)
    
        if not 200 <= r.status <= 299:
>           raise ApiException(http_resp=r)
E           kubernetes.client.exceptions.ApiException: (404)
E           Reason: Not Found
E           HTTP response headers: HTTPHeaderDict({'Audit-Id': '7cd1d82c-d501-4489-9a92-87157d5cbbf1', 'Cache-Control': 'no-cache, private', 'Content-Type': 'application/json', 'X-Kubernetes-Pf-Flowschema-Uid': 'ee1b6972-c39f-43e9-8cbb-fdc686d972d3', 'X-Kubernetes-Pf-Prioritylevel-Uid': 'ad2a3028-a5e2-40cc-a8d7-b7d22e9373c2', 'Date': 'Sat, 08 Mar 2025 13:10:53 GMT', 'Content-Length': '216'})
E           HTTP response body: {"kind":"Status","apiVersion":"v1","metadata":{},"status":"Failure","message":"namespaces \"kserve-ci-e2e-test\" not found","reason":"NotFound","details":{"name":"kserve-ci-e2e-test","kind":"namespaces"},"code":404}

/home/lee/miniconda/lib/python3.12/site-packages/kubernetes/client/rest.py:238: ApiException

During handling of the above exception, another exception occurred:

rest_v1_client = <kserve.inference_client.InferenceRESTClient object at 0x7faa171fa690>
network_layer = 'istio'

    @pytest.mark.raw
    @pytest.mark.asyncio(scope="session")
    async def test_kserve_logger(rest_v1_client, network_layer):
        suffix = str(uuid.uuid4())[1:6]
        msg_dumper = "message-dumper-raw-" + suffix
>       before(msg_dumper)

logger/test_raw_logger.py:44: 
_ _ _ _ _ _ _ _ _ _ _ _ _ _ _ _ _ _ _ _ _ _ _ _ _ _ _ _ _ _ _ _ _ _ _ _ _ _ _ _ 
logger/test_raw_logger.py:121: in before
    kserve_client.create(isvc)
_ _ _ _ _ _ _ _ _ _ _ _ _ _ _ _ _ _ _ _ _ _ _ _ _ _ _ _ _ _ _ _ _ _ _ _ _ _ _ _ 

self = <kserve.api.kserve_client.KServeClient object at 0x7faa124ecb30>
inferenceservice = {'api_version': 'serving.kserve.io/v1beta1',
 'kind': 'InferenceService',
 'metadata': {'annotations': {'serving.kserv...        'worker_spec': None,
                        'xgboost': None},
          'transformer': None},
 'status': None}
namespace = 'kserve-ci-e2e-test', watch = False, timeout_seconds = 600

    def create(
        self, inferenceservice, namespace=None, watch=False, timeout_seconds=600
    ):  # pylint:disable=inconsistent-return-statements
        """
        Create the inference service
        :param inferenceservice: inference service object
        :param namespace: defaults to current or default namespace
        :param watch: True to watch the created service until timeout elapsed or status is ready
        :param timeout_seconds: timeout seconds for watch, default to 600s
        :return: created inference service
        """
    
        version = inferenceservice.api_version.split("/")[1]
    
        if namespace is None:
            namespace = utils.get_isvc_namespace(inferenceservice)
    
        try:
            outputs = self.api_instance.create_namespaced_custom_object(
                constants.KSERVE_GROUP,
                version,
                namespace,
                constants.KSERVE_PLURAL_INFERENCESERVICE,
                inferenceservice,
            )
        except client.rest.ApiException as e:
>           raise RuntimeError(
                "Exception when calling CustomObjectsApi->create_namespaced_custom_object:\
                 %s\n"
                % e
            )
E           RuntimeError: Exception when calling CustomObjectsApi->create_namespaced_custom_object:                 (404)
E           Reason: Not Found
E           HTTP response headers: HTTPHeaderDict({'Audit-Id': '7cd1d82c-d501-4489-9a92-87157d5cbbf1', 'Cache-Control': 'no-cache, private', 'Content-Type': 'application/json', 'X-Kubernetes-Pf-Flowschema-Uid': 'ee1b6972-c39f-43e9-8cbb-fdc686d972d3', 'X-Kubernetes-Pf-Prioritylevel-Uid': 'ad2a3028-a5e2-40cc-a8d7-b7d22e9373c2', 'Date': 'Sat, 08 Mar 2025 13:10:53 GMT', 'Content-Length': '216'})
E           HTTP response body: {"kind":"Status","apiVersion":"v1","metadata":{},"status":"Failure","message":"namespaces \"kserve-ci-e2e-test\" not found","reason":"NotFound","details":{"name":"kserve-ci-e2e-test","kind":"namespaces"},"code":404}

../../python/kserve/kserve/api/kserve_client.py:151: RuntimeError
=============================== warnings summary ===============================
<frozen importlib._bootstrap>:488
  <frozen importlib._bootstrap>:488: DeprecationWarning: Type google._upb._message.MessageMapContainer uses PyType_Spec with a metaclass that has custom tp_new. This is deprecated and will no longer be allowed in Python 3.14.

<frozen importlib._bootstrap>:488
  <frozen importlib._bootstrap>:488: DeprecationWarning: Type google._upb._message.ScalarMapContainer uses PyType_Spec with a metaclass that has custom tp_new. This is deprecated and will no longer be allowed in Python 3.14.

../../../../../../../miniconda/lib/python3.12/site-packages/pytest_asyncio/plugin.py:1120: 88 warnings
batcher/test_batcher.py: 1 warning
batcher/test_batcher_custom_port.py: 1 warning
batcher/test_raw_batcher.py: 1 warning
custom/test_custom_model_grpc.py: 5 warnings
custom/test_ray.py: 1 warning
explainer/test_art_explainer.py: 2 warnings
graph/test_inference_graph.py: 13 warnings
helm/test_kserve_sklearn.py: 1 warning
logger/test_logger.py: 1 warning
logger/test_raw_logger.py: 1 warning
modelcache/test_localmodelcache.py: 1 warning
  /home/lee/miniconda/lib/python3.12/site-packages/pytest_asyncio/plugin.py:1120: PytestDeprecationWarning: The "scope" keyword argument to the asyncio marker has been deprecated. Please use the "loop_scope" argument instead.
  
    warnings.warn(PytestDeprecationWarning(_MARKER_SCOPE_KWARG_DEPRECATION_WARNING))

batcher/test_batcher.py: 1 warning
batcher/test_batcher_custom_port.py: 1 warning
batcher/test_raw_batcher.py: 1 warning
credentials/test_set_creds.py: 3 warnings
custom/test_custom_model_grpc.py: 5 warnings
custom/test_ray.py: 1 warning
explainer/test_art_explainer.py: 2 warnings
graph/test_inference_graph.py: 13 warnings
helm/test_kserve_sklearn.py: 1 warning
logger/test_logger.py: 1 warning
logger/test_raw_logger.py: 1 warning
  /home/lee/miniconda/lib/python3.12/site-packages/kubernetes/client/rest.py:44: DeprecationWarning: HTTPResponse.getheaders() is deprecated and will be removed in urllib3 v2.1.0. Instead access HTTPResponse.headers directly.
    return self.urllib3_response.getheaders()

logger/test_raw_logger.py::test_kserve_logger_cipn
  /home/lee/miniconda/lib/python3.12/site-packages/_pytest/python.py:148: PytestUnhandledCoroutineWarning: async def functions are not natively supported and have been skipped.
  You need to install a suitable plugin for your async framework, for example:
    - anyio
    - pytest-asyncio
    - pytest-tornasync
    - pytest-trio
    - pytest-twisted
    warnings.warn(PytestUnhandledCoroutineWarning(msg.format(nodeid)))

-- Docs: https://docs.pytest.org/en/stable/how-to/capture-warnings.html
=========================== short test summary info ============================
FAILED batcher/test_batcher.py::test_batcher - RuntimeError: Exception when c...
FAILED batcher/test_batcher_custom_port.py::test_batcher_custom_port - Runtim...
FAILED batcher/test_raw_batcher.py::test_batcher_raw - RuntimeError: Exceptio...
FAILED credentials/test_set_creds.py::test_set_credentials_s3 - RuntimeError:...
FAILED credentials/test_set_creds.py::test_set_credentials_gcp - RuntimeError...
FAILED credentials/test_set_creds.py::test_azure_credentials - RuntimeError: ...
FAILED custom/test_custom_model_grpc.py::test_custom_model_grpc - RuntimeErro...
FAILED custom/test_custom_model_grpc.py::test_predictor_grpc_with_transformer_grpc
FAILED custom/test_custom_model_grpc.py::test_predictor_grpc_with_transformer_http
FAILED custom/test_custom_model_grpc.py::test_predictor_rest_with_transformer_rest
FAILED custom/test_custom_model_grpc.py::test_predictor_grpc_with_transformer_grpc_raw
FAILED custom/test_ray.py::test_custom_model_http_ray - RuntimeError: Excepti...
FAILED explainer/test_art_explainer.py::test_tabular_explainer - RuntimeError...
FAILED explainer/test_art_explainer.py::test_raw_tabular_explainer - RuntimeE...
FAILED graph/test_inference_graph.py::test_inference_graph - RuntimeError: Ex...
FAILED graph/test_inference_graph.py::test_ig_scenario1 - RuntimeError: Excep...
FAILED graph/test_inference_graph.py::test_ig_scenario2 - RuntimeError: Excep...
FAILED graph/test_inference_graph.py::test_ig_scenario3 - RuntimeError: Excep...
FAILED graph/test_inference_graph.py::test_ig_scenario4 - RuntimeError: Excep...
FAILED graph/test_inference_graph.py::test_ig_scenario5 - RuntimeError: Excep...
FAILED graph/test_inference_graph.py::test_ig_scenario6 - RuntimeError: Excep...
FAILED graph/test_inference_graph.py::test_ig_scenario7 - RuntimeError: Excep...
FAILED graph/test_inference_graph.py::test_ig_scenario8 - RuntimeError: Excep...
FAILED graph/test_inference_graph.py::test_ig_scenario9 - RuntimeError: Excep...
FAILED graph/test_inference_graph.py::test_ig_scenario10 - RuntimeError: Exce...
FAILED graph/test_inference_graph.py::test_inference_graph_raw_mode - Runtime...
FAILED graph/test_inference_graph.py::test_inference_graph_raw_mode_with_hpa
FAILED helm/test_kserve_sklearn.py::test_sklearn_kserve - RuntimeError: Excep...
FAILED logger/test_logger.py::test_kserve_logger - RuntimeError: Exception wh...
FAILED logger/test_raw_logger.py::test_kserve_logger - RuntimeError: Exceptio...
!!!!!!!!!!!!!!!!!!!!!!!!!!!!!! KeyboardInterrupt !!!!!!!!!!!!!!!!!!!!!!!!!!!!!!!
/home/lee/go/src/github.com/kserve/kserve/python/kserve/kserve/api/kserve_client.py:827: KeyboardInterrupt
(to show a full traceback on KeyboardInterrupt use --full-trace)
=========== 30 failed, 1 skipped, 149 warnings in 232.62s (0:03:52) ============
